============================= test session starts =============================
platform win32 -- Python 3.12.10, pytest-9.0.2, pluggy-1.6.0 -- C:\Users\karay\OneDrive\Desktop\HACKNOVATION 2.0\backend\venv\Scripts\python.exe
cachedir: .pytest_cache
rootdir: C:\Users\karay\OneDrive\Desktop\HACKNOVATION 2.0\backend
plugins: anyio-4.12.1
collecting ... collected 17 items

tests/test_rag.py::TestRAGEngine::test_chunking_basic FAILED             [  5%]
tests/test_rag.py::TestRAGEngine::test_chunking_short_text PASSED        [ 11%]
tests/test_rag.py::TestRAGEngine::test_add_and_retrieve FAILED           [ 17%]
tests/test_rag.py::TestRAGEngine::test_retrieve_empty_store PASSED       [ 23%]
tests/test_rag.py::TestRAGEngine::test_subject_filter PASSED             [ 29%]
tests/test_rag.py::TestRAGEngine::test_delete_document PASSED            [ 35%]
tests/test_rag.py::TestRAGEngine::test_confidence_threshold PASSED       [ 41%]
tests/test_rag.py::TestMemoryManager::test_session_lifecycle PASSED      [ 47%]
tests/test_rag.py::TestMemoryManager::test_unknown_session PASSED        [ 52%]
tests/test_rag.py::TestMemoryManager::test_add_and_get_turns PASSED      [ 58%]
tests/test_rag.py::TestMemoryManager::test_history_last_n PASSED         [ 64%]
tests/test_rag.py::TestMemoryManager::test_topic_extraction PASSED       [ 70%]
tests/test_rag.py::TestInsightTracker::test_record_and_count PASSED      [ 76%]
tests/test_rag.py::TestInsightTracker::test_confusion_report PASSED      [ 82%]
tests/test_rag.py::TestInsightTracker::test_frequent_topics PASSED       [ 88%]
tests/test_rag.py::TestInsightTracker::test_subjects PASSED              [ 94%]
tests/test_rag.py::TestHelpers::test_vague_question_detection PASSED     [100%]

================================== FAILURES ===================================
______________________ TestRAGEngine.test_chunking_basic ______________________

self = <test_rag.TestRAGEngine object at 0x000001E8C5F47260>

    def test_chunking_basic(self):
        """Chunks should be non-empty and respect min word count."""
        text = " ".join(["word"] * 1000)
        chunks = self.rag._chunk_text(text)
>       assert len(chunks) > 1
E       AssertionError: assert 1 > 1
E        +  where 1 = len(['word word word word word word word word word word word word word word word word word word word word word word word word word word word word word word word word word word word word word word word word word word word word word word word word word word word word word word word word word word word word word word word word word word word word word word word word word word word word word word word word word word word word word word word word word word word word word word word word word word word word word word word word word word word word word word word word word word word word word word word word word word word word word word word word word word word word word word word word word word word word word word word word word word word word word word word word word word word word word word word word word word word word word word word word word word word word word word word word word word word word word word word word word word word word word word word word word word word word word word word word word word word word word word word word word word word word word word word word word word word word word word word word word word word word word word word word word word word word word word word w...rd word word word word word word word word word word word word word word word word word word word word word word word word word word word word word word word word word word word word word word word word word word word word word word word word word word word word word word word word word word word word word word word word word word word word word word word word word word word word word word word word word word word word word word word word word word word word word word word word word word word word word word word word word word word word word word word word word word word word word word word word word word word word word word word word word word word word word word word word word word word word word word word word word word word word word word word word word word word word word word word word word word word word word word word word word word word word word word word word word word word word word word word word word word word word word word word word word word word word word word word word word word word word word word word word word word word word word word word word word word word word word word word word word word word word word word word word word word word word word word word'])

tests\test_rag.py:25: AssertionError
---------------------------- Captured stdout setup ----------------------------
[RAG] Initializing ChromaDB...
[RAG] Loading embedding model: all-MiniLM-L6-v2
[RAG] Ready.
---------------------------- Captured stderr setup ----------------------------
Warning: You are sending unauthenticated requests to the HF Hub. Please set a HF_TOKEN to enable higher rate limits and faster downloads.\n\rLoading weights:   0%|          | 0/103 [00:00<?, ?it/s]\rLoading weights:   1%|          | 1/103 [00:00<?, ?it/s, Materializing param=embeddings.LayerNorm.bias]\rLoading weights:   1%|          | 1/103 [00:00<?, ?it/s, Materializing param=embeddings.LayerNorm.bias]\rLoading weights:   2%|\u258f         | 2/103 [00:00<00:00, 111.67it/s, Materializing param=embeddings.LayerNorm.weight]\rLoading weights:   2%|\u258f         | 2/103 [00:00<00:00, 111.67it/s, Materializing param=embeddings.LayerNorm.weight]\rLoading weights:   3%|\u258e         | 3/103 [00:00<00:00, 167.50it/s, Materializing param=embeddings.position_embeddings.weight]\rLoading weights:   3%|\u258e         | 3/103 [00:00<00:00, 167.50it/s, Materializing param=embeddings.position_embeddings.weight]\rLoading weights:   4%|\u258d         | 4/103 [00:00<00:00, 223.34it/s, Materializing param=embeddings.token_type_embeddings.weight]\rLoading weights:   4%|\u258d         | 4/103 [00:00<00:00, 223.34it/s, Materializing param=embeddings.token_type_embeddings.weight]\rLoading weights:   5%|\u258d         | 5/103 [00:00<00:00, 279.17it/s, Materializing param=embeddings.word_embeddings.weight]      \rLoading weights:   5%|\u258d         | 5/103 [00:00<00:00, 279.17it/s, Materializing param=embeddings.word_embeddings.weight]\rLoading weights:   6%|\u258c         | 6/103 [00:00<00:00, 335.01it/s, Materializing param=encoder.layer.0.attention.output.LayerNorm.bias]\rLoading weights:   6%|\u258c         | 6/103 [00:00<00:00, 335.01it/s, Materializing param=encoder.layer.0.attention.output.LayerNorm.bias]\rLoading weights:   7%|\u258b         | 7/103 [00:00<00:00, 390.84it/s, Materializing param=encoder.layer.0.attention.output.LayerNorm.weight]\rLoading weights:   7%|\u258b         | 7/103 [00:00<00:00, 390.84it/s, Materializing param=encoder.layer.0.attention.output.LayerNorm.weight]\rLoading weights:   8%|\u258a         | 8/103 [00:00<00:00, 446.68it/s, Materializing param=encoder.layer.0.attention.output.dense.bias]      \rLoading weights:   8%|\u258a         | 8/103 [00:00<00:00, 446.68it/s, Materializing param=encoder.layer.0.attention.output.dense.bias]\rLoading weights:   9%|\u258a         | 9/103 [00:00<00:00, 502.51it/s, Materializing param=encoder.layer.0.attention.output.dense.weight]\rLoading weights:   9%|\u258a         | 9/103 [00:00<00:00, 502.51it/s, Materializing param=encoder.layer.0.attention.output.dense.weight]\rLoading weights:  10%|\u2589         | 10/103 [00:00<00:00, 558.35it/s, Materializing param=encoder.layer.0.attention.self.key.bias]     \rLoading weights:  10%|\u2589         | 10/103 [00:00<00:00, 558.35it/s, Materializing param=encoder.layer.0.attention.self.key.bias]\rLoading weights:  11%|\u2588         | 11/103 [00:00<00:00, 614.18it/s, Materializing param=encoder.layer.0.attention.self.key.weight]\rLoading weights:  11%|\u2588         | 11/103 [00:00<00:00, 614.18it/s, Materializing param=encoder.layer.0.attention.self.key.weight]\rLoading weights:  12%|\u2588\u258f        | 12/103 [00:00<00:00, 634.04it/s, Materializing param=encoder.layer.0.attention.self.query.bias]\rLoading weights:  12%|\u2588\u258f        | 12/103 [00:00<00:00, 634.04it/s, Materializing param=encoder.layer.0.attention.self.query.bias]\rLoading weights:  13%|\u2588\u258e        | 13/103 [00:00<00:00, 686.87it/s, Materializing param=encoder.layer.0.attention.self.query.weight]\rLoading weights:  13%|\u2588\u258e        | 13/103 [00:00<00:00, 686.87it/s, Materializing param=encoder.layer.0.attention.self.query.weight]\rLoading weights:  14%|\u2588\u258e        | 14/103 [00:00<00:00, 739.71it/s, Materializing param=encoder.layer.0.attention.self.value.bias]  \rLoading weights:  14%|\u2588\u258e        | 14/103 [00:00<00:00, 739.71it/s, Materializing param=encoder.layer.0.attention.self.value.bias]\rLoading weights:  15%|\u2588\u258d        | 15/103 [00:00<00:00, 792.54it/s, Materializing param=encoder.layer.0.attention.self.value.weight]\rLoading weights:  15%|\u2588\u258d        | 15/103 [00:00<00:00, 792.54it/s, Materializing param=encoder.layer.0.attention.self.value.weight]\rLoading weights:  16%|\u2588\u258c        | 16/103 [00:00<00:00, 845.38it/s, Materializing param=encoder.layer.0.intermediate.dense.bias]    \rLoading weights:  16%|\u2588\u258c        | 16/103 [00:00<00:00, 845.38it/s, Materializing param=encoder.layer.0.intermediate.dense.bias]\rLoading weights:  17%|\u2588\u258b        | 17/103 [00:00<00:00, 898.22it/s, Materializing param=encoder.layer.0.intermediate.dense.weight]\rLoading weights:  17%|\u2588\u258b        | 17/103 [00:00<00:00, 898.22it/s, Materializing param=encoder.layer.0.intermediate.dense.weight]\rLoading weights:  17%|\u2588\u258b        | 18/103 [00:00<00:00, 951.05it/s, Materializing param=encoder.layer.0.output.LayerNorm.bias]    \rLoading weights:  17%|\u2588\u258b        | 18/103 [00:00<00:00, 951.05it/s, Materializing param=encoder.layer.0.output.LayerNorm.bias]\rLoading weights:  18%|\u2588\u258a        | 19/103 [00:00<00:00, 1003.89it/s, Materializing param=encoder.layer.0.output.LayerNorm.weight]\rLoading weights:  18%|\u2588\u258a        | 19/103 [00:00<00:00, 1003.89it/s, Materializing param=encoder.layer.0.output.LayerNorm.weight]\rLoading weights:  19%|\u2588\u2589        | 20/103 [00:00<00:00, 1056.73it/s, Materializing param=encoder.layer.0.output.dense.bias]      \rLoading weights:  19%|\u2588\u2589        | 20/103 [00:00<00:00, 1056.73it/s, Materializing param=encoder.layer.0.output.dense.bias]\rLoading weights:  20%|\u2588\u2588        | 21/103 [00:00<00:00, 1109.56it/s, Materializing param=encoder.layer.0.output.dense.weight]\rLoading weights:  20%|\u2588\u2588        | 21/103 [00:00<00:00, 1109.56it/s, Materializing param=encoder.layer.0.output.dense.weight]\rLoading weights:  21%|\u2588\u2588\u258f       | 22/103 [00:00<00:00, 1162.40it/s, Materializing param=encoder.layer.1.attention.output.LayerNorm.bias]\rLoading weights:  21%|\u2588\u2588\u258f       | 22/103 [00:00<00:00, 1162.40it/s, Materializing param=encoder.layer.1.attention.output.LayerNorm.bias]\rLoading weights:  22%|\u2588\u2588\u258f       | 23/103 [00:00<00:00, 1215.23it/s, Materializing param=encoder.layer.1.attention.output.LayerNorm.weight]\rLoading weights:  22%|\u2588\u2588\u258f       | 23/103 [00:00<00:00, 1215.23it/s, Materializing param=encoder.layer.1.attention.output.LayerNorm.weight]\rLoading weights:  23%|\u2588\u2588\u258e       | 24/103 [00:00<00:00, 1204.78it/s, Materializing param=encoder.layer.1.attention.output.dense.bias]      \rLoading weights:  23%|\u2588\u2588\u258e       | 24/103 [00:00<00:00, 1204.78it/s, Materializing param=encoder.layer.1.attention.output.dense.bias]\rLoading weights:  24%|\u2588\u2588\u258d       | 25/103 [00:00<00:00, 1254.98it/s, Materializing param=encoder.layer.1.attention.output.dense.weight]\rLoading weights:  24%|\u2588\u2588\u258d       | 25/103 [00:00<00:00, 1254.98it/s, Materializing param=encoder.layer.1.attention.output.dense.weight]\rLoading weights:  25%|\u2588\u2588\u258c       | 26/103 [00:00<00:00, 1305.18it/s, Materializing param=encoder.layer.1.attention.self.key.bias]      \rLoading weights:  25%|\u2588\u2588\u258c       | 26/103 [00:00<00:00, 1305.18it/s, Materializing param=encoder.layer.1.attention.self.key.bias]\rLoading weights:  26%|\u2588\u2588\u258c       | 27/103 [00:00<00:00, 1355.38it/s, Materializing param=encoder.layer.1.attention.self.key.weight]\rLoading weights:  26%|\u2588\u2588\u258c       | 27/103 [00:00<00:00, 1355.38it/s, Materializing param=encoder.layer.1.attention.self.key.weight]\rLoading weights:  27%|\u2588\u2588\u258b       | 28/103 [00:00<00:00, 1405.58it/s, Materializing param=encoder.layer.1.attention.self.query.bias]\rLoading weights:  27%|\u2588\u2588\u258b       | 28/103 [00:00<00:00, 1405.58it/s, Materializing param=encoder.layer.1.attention.self.query.bias]\rLoading weights:  28%|\u2588\u2588\u258a       | 29/103 [00:00<00:00, 1455.78it/s, Materializing param=encoder.layer.1.attention.self.query.weight]\rLoading weights:  28%|\u2588\u2588\u258a       | 29/103 [00:00<00:00, 1455.78it/s, Materializing param=encoder.layer.1.attention.self.query.weight]\rLoading weights:  29%|\u2588\u2588\u2589       | 30/103 [00:00<00:00, 1505.98it/s, Materializing param=encoder.layer.1.attention.self.value.bias]  \rLoading weights:  29%|\u2588\u2588\u2589       | 30/103 [00:00<00:00, 1505.98it/s, Materializing param=encoder.layer.1.attention.self.value.bias]\rLoading weights:  30%|\u2588\u2588\u2588       | 31/103 [00:00<00:00, 1556.18it/s, Materializing param=encoder.layer.1.attention.self.value.weight]\rLoading weights:  30%|\u2588\u2588\u2588       | 31/103 [00:00<00:00, 1556.18it/s, Materializing param=encoder.layer.1.attention.self.value.weight]\rLoading weights:  31%|\u2588\u2588\u2588       | 32/103 [00:00<00:00, 1606.38it/s, Materializing param=encoder.layer.1.intermediate.dense.bias]    \rLoading weights:  31%|\u2588\u2588\u2588       | 32/103 [00:00<00:00, 1606.38it/s, Materializing param=encoder.layer.1.intermediate.dense.bias]\rLoading weights:  32%|\u2588\u2588\u2588\u258f      | 33/103 [00:00<00:00, 1656.58it/s, Materializing param=encoder.layer.1.intermediate.dense.weight]\rLoading weights:  32%|\u2588\u2588\u2588\u258f      | 33/103 [00:00<00:00, 1656.58it/s, Materializing param=encoder.layer.1.intermediate.dense.weight]\rLoading weights:  33%|\u2588\u2588\u2588\u258e      | 34/103 [00:00<00:00, 1706.78it/s, Materializing param=encoder.layer.1.output.LayerNorm.bias]    \rLoading weights:  33%|\u2588\u2588\u2588\u258e      | 34/103 [00:00<00:00, 1706.78it/s, Materializing param=encoder.layer.1.output.LayerNorm.bias]\rLoading weights:  34%|\u2588\u2588\u2588\u258d      | 35/103 [00:00<00:00, 1756.98it/s, Materializing param=encoder.layer.1.output.LayerNorm.weight]\rLoading weights:  34%|\u2588\u2588\u2588\u258d      | 35/103 [00:00<00:00, 1756.98it/s, Materializing param=encoder.layer.1.output.LayerNorm.weight]\rLoading weights:  35%|\u2588\u2588\u2588\u258d      | 36/103 [00:00<00:00, 1721.09it/s, Materializing param=encoder.layer.1.output.dense.bias]      \rLoading weights:  35%|\u2588\u2588\u2588\u258d      | 36/103 [00:00<00:00, 1721.09it/s, Materializing param=encoder.layer.1.output.dense.bias]\rLoading weights:  36%|\u2588\u2588\u2588\u258c      | 37/103 [00:00<00:00, 1768.90it/s, Materializing param=encoder.layer.1.output.dense.weight]\rLoading weights:  36%|\u2588\u2588\u2588\u258c      | 37/103 [00:00<00:00, 1768.90it/s, Materializing param=encoder.layer.1.output.dense.weight]\rLoading weights:  37%|\u2588\u2588\u2588\u258b      | 38/103 [00:00<00:00, 1816.71it/s, Materializing param=encoder.layer.2.attention.output.LayerNorm.bias]\rLoading weights:  37%|\u2588\u2588\u2588\u258b      | 38/103 [00:00<00:00, 1816.71it/s, Materializing param=encoder.layer.2.attention.output.LayerNorm.bias]\rLoading weights:  38%|\u2588\u2588\u2588\u258a      | 39/103 [00:00<00:00, 1864.52it/s, Materializing param=encoder.layer.2.attention.output.LayerNorm.weight]\rLoading weights:  38%|\u2588\u2588\u2588\u258a      | 39/103 [00:00<00:00, 1864.52it/s, Materializing param=encoder.layer.2.attention.output.LayerNorm.weight]\rLoading weights:  39%|\u2588\u2588\u2588\u2589      | 40/103 [00:00<00:00, 1912.33it/s, Materializing param=encoder.layer.2.attention.output.dense.bias]      \rLoading weights:  39%|\u2588\u2588\u2588\u2589      | 40/103 [00:00<00:00, 1912.33it/s, Materializing param=encoder.layer.2.attention.output.dense.bias]\rLoading weights:  40%|\u2588\u2588\u2588\u2589      | 41/103 [00:00<00:00, 1960.13it/s, Materializing param=encoder.layer.2.attention.output.dense.weight]\rLoading weights:  40%|\u2588\u2588\u2588\u2589      | 41/103 [00:00<00:00, 1960.13it/s, Materializing param=encoder.layer.2.attention.output.dense.weight]\rLoading weights:  41%|\u2588\u2588\u2588\u2588      | 42/103 [00:00<00:00, 2007.94it/s, Materializing param=encoder.layer.2.attention.self.key.bias]      \rLoading weights:  41%|\u2588\u2588\u2588\u2588      | 42/103 [00:00<00:00, 2007.94it/s, Materializing param=encoder.layer.2.attention.self.key.bias]\rLoading weights:  42%|\u2588\u2588\u2588\u2588\u258f     | 43/103 [00:00<00:00, 2055.75it/s, Materializing param=encoder.layer.2.attention.self.key.weight]\rLoading weights:  42%|\u2588\u2588\u2588\u2588\u258f     | 43/103 [00:00<00:00, 2055.75it/s, Materializing param=encoder.layer.2.attention.self.key.weight]\rLoading weights:  43%|\u2588\u2588\u2588\u2588\u258e     | 44/103 [00:00<00:00, 2103.56it/s, Materializing param=encoder.layer.2.attention.self.query.bias]\rLoading weights:  43%|\u2588\u2588\u2588\u2588\u258e     | 44/103 [00:00<00:00, 2103.56it/s, Materializing param=encoder.layer.2.attention.self.query.bias]\rLoading weights:  44%|\u2588\u2588\u2588\u2588\u258e     | 45/103 [00:00<00:00, 2151.37it/s, Materializing param=encoder.layer.2.attention.self.query.weight]\rLoading weights:  44%|\u2588\u2588\u2588\u2588\u258e     | 45/103 [00:00<00:00, 2151.37it/s, Materializing param=encoder.layer.2.attention.self.query.weight]\rLoading weights:  45%|\u2588\u2588\u2588\u2588\u258d     | 46/103 [00:00<00:00, 2199.17it/s, Materializing param=encoder.layer.2.attention.self.value.bias]  \rLoading weights:  45%|\u2588\u2588\u2588\u2588\u258d     | 46/103 [00:00<00:00, 2199.17it/s, Materializing param=encoder.layer.2.attention.self.value.bias]\rLoading weights:  46%|\u2588\u2588\u2588\u2588\u258c     | 47/103 [00:00<00:00, 2246.98it/s, Materializing param=encoder.layer.2.attention.self.value.weight]\rLoading weights:  46%|\u2588\u2588\u2588\u2588\u258c     | 47/103 [00:00<00:00, 2246.98it/s, Materializing param=encoder.layer.2.attention.self.value.weight]\rLoading weights:  47%|\u2588\u2588\u2588\u2588\u258b     | 48/103 [00:00<00:00, 2294.79it/s, Materializing param=encoder.layer.2.intermediate.dense.bias]    \rLoading weights:  47%|\u2588\u2588\u2588\u2588\u258b     | 48/103 [00:00<00:00, 2294.79it/s, Materializing param=encoder.layer.2.intermediate.dense.bias]\rLoading weights:  48%|\u2588\u2588\u2588\u2588\u258a     | 49/103 [00:00<00:00, 2342.60it/s, Materializing param=encoder.layer.2.intermediate.dense.weight]\rLoading weights:  48%|\u2588\u2588\u2588\u2588\u258a     | 49/103 [00:00<00:00, 2342.60it/s, Materializing param=encoder.layer.2.intermediate.dense.weight]\rLoading weights:  49%|\u2588\u2588\u2588\u2588\u258a     | 50/103 [00:00<00:00, 2281.37it/s, Materializing param=encoder.layer.2.output.LayerNorm.bias]    \rLoading weights:  49%|\u2588\u2588\u2588\u2588\u258a     | 50/103 [00:00<00:00, 2281.37it/s, Materializing param=encoder.layer.2.output.LayerNorm.bias]\rLoading weights:  50%|\u2588\u2588\u2588\u2588\u2589     | 51/103 [00:00<00:00, 2327.00it/s, Materializing param=encoder.layer.2.output.LayerNorm.weight]\rLoading weights:  50%|\u2588\u2588\u2588\u2588\u2589     | 51/103 [00:00<00:00, 2327.00it/s, Materializing param=encoder.layer.2.output.LayerNorm.weight]\rLoading weights:  50%|\u2588\u2588\u2588\u2588\u2588     | 52/103 [00:00<00:00, 2372.63it/s, Materializing param=encoder.layer.2.output.dense.bias]      \rLoading weights:  50%|\u2588\u2588\u2588\u2588\u2588     | 52/103 [00:00<00:00, 2372.63it/s, Materializing param=encoder.layer.2.output.dense.bias]\rLoading weights:  51%|\u2588\u2588\u2588\u2588\u2588\u258f    | 53/103 [00:00<00:00, 2418.26it/s, Materializing param=encoder.layer.2.output.dense.weight]\rLoading weights:  51%|\u2588\u2588\u2588\u2588\u2588\u258f    | 53/103 [00:00<00:00, 2418.26it/s, Materializing param=encoder.layer.2.output.dense.weight]\rLoading weights:  52%|\u2588\u2588\u2588\u2588\u2588\u258f    | 54/103 [00:00<00:00, 2463.88it/s, Materializing param=encoder.layer.3.attention.output.LayerNorm.bias]\rLoading weights:  52%|\u2588\u2588\u2588\u2588\u2588\u258f    | 54/103 [00:00<00:00, 2463.88it/s, Materializing param=encoder.layer.3.attention.output.LayerNorm.bias]\rLoading weights:  53%|\u2588\u2588\u2588\u2588\u2588\u258e    | 55/103 [00:00<00:00, 2509.51it/s, Materializing param=encoder.layer.3.attention.output.LayerNorm.weight]\rLoading weights:  53%|\u2588\u2588\u2588\u2588\u2588\u258e    | 55/103 [00:00<00:00, 2509.51it/s, Materializing param=encoder.layer.3.attention.output.LayerNorm.weight]\rLoading weights:  54%|\u2588\u2588\u2588\u2588\u2588\u258d    | 56/103 [00:00<00:00, 2555.14it/s, Materializing param=encoder.layer.3.attention.output.dense.bias]      \rLoading weights:  54%|\u2588\u2588\u2588\u2588\u2588\u258d    | 56/103 [00:00<00:00, 2555.14it/s, Materializing param=encoder.layer.3.attention.output.dense.bias]\rLoading weights:  55%|\u2588\u2588\u2588\u2588\u2588\u258c    | 57/103 [00:00<00:00, 2600.77it/s, Materializing param=encoder.layer.3.attention.output.dense.weight]\rLoading weights:  55%|\u2588\u2588\u2588\u2588\u2588\u258c    | 57/103 [00:00<00:00, 2600.77it/s, Materializing param=encoder.layer.3.attention.output.dense.weight]\rLoading weights:  56%|\u2588\u2588\u2588\u2588\u2588\u258b    | 58/103 [00:00<00:00, 2646.39it/s, Materializing param=encoder.layer.3.attention.self.key.bias]      \rLoading weights:  56%|\u2588\u2588\u2588\u2588\u2588\u258b    | 58/103 [00:00<00:00, 2646.39it/s, Materializing param=encoder.layer.3.attention.self.key.bias]\rLoading weights:  57%|\u2588\u2588\u2588\u2588\u2588\u258b    | 59/103 [00:00<00:00, 2692.02it/s, Materializing param=encoder.layer.3.attention.self.key.weight]\rLoading weights:  57%|\u2588\u2588\u2588\u2588\u2588\u258b    | 59/103 [00:00<00:00, 2692.02it/s, Materializing param=encoder.layer.3.attention.self.key.weight]\rLoading weights:  58%|\u2588\u2588\u2588\u2588\u2588\u258a    | 60/103 [00:00<00:00, 2737.65it/s, Materializing param=encoder.layer.3.attention.self.query.bias]\rLoading weights:  58%|\u2588\u2588\u2588\u2588\u2588\u258a    | 60/103 [00:00<00:00, 2737.65it/s, Materializing param=encoder.layer.3.attention.self.query.bias]\rLoading weights:  59%|\u2588\u2588\u2588\u2588\u2588\u2589    | 61/103 [00:00<00:00, 2783.27it/s, Materializing param=encoder.layer.3.attention.self.query.weight]\rLoading weights:  59%|\u2588\u2588\u2588\u2588\u2588\u2589    | 61/103 [00:00<00:00, 2783.27it/s, Materializing param=encoder.layer.3.attention.self.query.weight]\rLoading weights:  60%|\u2588\u2588\u2588\u2588\u2588\u2588    | 62/103 [00:00<00:00, 2828.90it/s, Materializing param=encoder.layer.3.attention.self.value.bias]  \rLoading weights:  60%|\u2588\u2588\u2588\u2588\u2588\u2588    | 62/103 [00:00<00:00, 2828.90it/s, Materializing param=encoder.layer.3.attention.self.value.bias]\rLoading weights:  61%|\u2588\u2588\u2588\u2588\u2588\u2588    | 63/103 [00:00<00:00, 2874.53it/s, Materializing param=encoder.layer.3.attention.self.value.weight]\rLoading weights:  61%|\u2588\u2588\u2588\u2588\u2588\u2588    | 63/103 [00:00<00:00, 2874.53it/s, Materializing param=encoder.layer.3.attention.self.value.weight]\rLoading weights:  62%|\u2588\u2588\u2588\u2588\u2588\u2588\u258f   | 64/103 [00:00<00:00, 2920.16it/s, Materializing param=encoder.layer.3.intermediate.dense.bias]    \rLoading weights:  62%|\u2588\u2588\u2588\u2588\u2588\u2588\u258f   | 64/103 [00:00<00:00, 2920.16it/s, Materializing param=encoder.layer.3.intermediate.dense.bias]\rLoading weights:  63%|\u2588\u2588\u2588\u2588\u2588\u2588\u258e   | 65/103 [00:00<00:00, 2965.78it/s, Materializing param=encoder.layer.3.intermediate.dense.weight]\rLoading weights:  63%|\u2588\u2588\u2588\u2588\u2588\u2588\u258e   | 65/103 [00:00<00:00, 2965.78it/s, Materializing param=encoder.layer.3.intermediate.dense.weight]\rLoading weights:  64%|\u2588\u2588\u2588\u2588\u2588\u2588\u258d   | 66/103 [00:00<00:00, 3011.41it/s, Materializing param=encoder.layer.3.output.LayerNorm.bias]    \rLoading weights:  64%|\u2588\u2588\u2588\u2588\u2588\u2588\u258d   | 66/103 [00:00<00:00, 3011.41it/s, Materializing param=encoder.layer.3.output.LayerNorm.bias]\rLoading weights:  65%|\u2588\u2588\u2588\u2588\u2588\u2588\u258c   | 67/103 [00:00<00:00, 3057.04it/s, Materializing param=encoder.layer.3.output.LayerNorm.weight]\rLoading weights:  65%|\u2588\u2588\u2588\u2588\u2588\u2588\u258c   | 67/103 [00:00<00:00, 3057.04it/s, Materializing param=encoder.layer.3.output.LayerNorm.weight]\rLoading weights:  66%|\u2588\u2588\u2588\u2588\u2588\u2588\u258c   | 68/103 [00:00<00:00, 3102.67it/s, Materializing param=encoder.layer.3.output.dense.bias]      \rLoading weights:  66%|\u2588\u2588\u2588\u2588\u2588\u2588\u258c   | 68/103 [00:00<00:00, 3102.67it/s, Materializing param=encoder.layer.3.output.dense.bias]\rLoading weights:  67%|\u2588\u2588\u2588\u2588\u2588\u2588\u258b   | 69/103 [00:00<00:00, 3148.29it/s, Materializing param=encoder.layer.3.output.dense.weight]\rLoading weights:  67%|\u2588\u2588\u2588\u2588\u2588\u2588\u258b   | 69/103 [00:00<00:00, 2945.89it/s, Materializing param=encoder.layer.3.output.dense.weight]\rLoading weights:  68%|\u2588\u2588\u2588\u2588\u2588\u2588\u258a   | 70/103 [00:00<00:00, 2988.58it/s, Materializing param=encoder.layer.4.attention.output.LayerNorm.bias]\rLoading weights:  68%|\u2588\u2588\u2588\u2588\u2588\u2588\u258a   | 70/103 [00:00<00:00, 2988.58it/s, Materializing param=encoder.layer.4.attention.output.LayerNorm.bias]\rLoading weights:  69%|\u2588\u2588\u2588\u2588\u2588\u2588\u2589   | 71/103 [00:00<00:00, 3031.28it/s, Materializing param=encoder.layer.4.attention.output.LayerNorm.weight]\rLoading weights:  69%|\u2588\u2588\u2588\u2588\u2588\u2588\u2589   | 71/103 [00:00<00:00, 3031.28it/s, Materializing param=encoder.layer.4.attention.output.LayerNorm.weight]\rLoading weights:  70%|\u2588\u2588\u2588\u2588\u2588\u2588\u2589   | 72/103 [00:00<00:00, 3073.97it/s, Materializing param=encoder.layer.4.attention.output.dense.bias]      \rLoading weights:  70%|\u2588\u2588\u2588\u2588\u2588\u2588\u2589   | 72/103 [00:00<00:00, 3073.97it/s, Materializing param=encoder.layer.4.attention.output.dense.bias]\rLoading weights:  71%|\u2588\u2588\u2588\u2588\u2588\u2588\u2588   | 73/103 [00:00<00:00, 3116.66it/s, Materializing param=encoder.layer.4.attention.output.dense.weight]\rLoading weights:  71%|\u2588\u2588\u2588\u2588\u2588\u2588\u2588   | 73/103 [00:00<00:00, 3116.66it/s, Materializing param=encoder.layer.4.attention.output.dense.weight]\rLoading weights:  72%|\u2588\u2588\u2588\u2588\u2588\u2588\u2588\u258f  | 74/103 [00:00<00:00, 3159.36it/s, Materializing param=encoder.layer.4.attention.self.key.bias]      \rLoading weights:  72%|\u2588\u2588\u2588\u2588\u2588\u2588\u2588\u258f  | 74/103 [00:00<00:00, 3159.36it/s, Materializing param=encoder.layer.4.attention.self.key.bias]\rLoading weights:  73%|\u2588\u2588\u2588\u2588\u2588\u2588\u2588\u258e  | 75/103 [00:00<00:00, 3202.05it/s, Materializing param=encoder.layer.4.attention.self.key.weight]\rLoading weights:  73%|\u2588\u2588\u2588\u2588\u2588\u2588\u2588\u258e  | 75/103 [00:00<00:00, 3202.05it/s, Materializing param=encoder.layer.4.attention.self.key.weight]\rLoading weights:  74%|\u2588\u2588\u2588\u2588\u2588\u2588\u2588\u258d  | 76/103 [00:00<00:00, 3244.75it/s, Materializing param=encoder.layer.4.attention.self.query.bias]\rLoading weights:  74%|\u2588\u2588\u2588\u2588\u2588\u2588\u2588\u258d  | 76/103 [00:00<00:00, 3244.75it/s, Materializing param=encoder.layer.4.attention.self.query.bias]\rLoading weights:  75%|\u2588\u2588\u2588\u2588\u2588\u2588\u2588\u258d  | 77/103 [00:00<00:00, 3287.44it/s, Materializing param=encoder.layer.4.attention.self.query.weight]\rLoading weights:  75%|\u2588\u2588\u2588\u2588\u2588\u2588\u2588\u258d  | 77/103 [00:00<00:00, 3287.44it/s, Materializing param=encoder.layer.4.attention.self.query.weight]\rLoading weights:  76%|\u2588\u2588\u2588\u2588\u2588\u2588\u2588\u258c  | 78/103 [00:00<00:00, 3330.13it/s, Materializing param=encoder.layer.4.attention.self.value.bias]  \rLoading weights:  76%|\u2588\u2588\u2588\u2588\u2588\u2588\u2588\u258c  | 78/103 [00:00<00:00, 3330.13it/s, Materializing param=encoder.layer.4.attention.self.value.bias]\rLoading weights:  77%|\u2588\u2588\u2588\u2588\u2588\u2588\u2588\u258b  | 79/103 [00:00<00:00, 3372.83it/s, Materializing param=encoder.layer.4.attention.self.value.weight]\rLoading weights:  77%|\u2588\u2588\u2588\u2588\u2588\u2588\u2588\u258b  | 79/103 [00:00<00:00, 3372.83it/s, Materializing param=encoder.layer.4.attention.self.value.weight]\rLoading weights:  78%|\u2588\u2588\u2588\u2588\u2588\u2588\u2588\u258a  | 80/103 [00:00<00:00, 3415.52it/s, Materializing param=encoder.layer.4.intermediate.dense.bias]    \rLoading weights:  78%|\u2588\u2588\u2588\u2588\u2588\u2588\u2588\u258a  | 80/103 [00:00<00:00, 3415.52it/s, Materializing param=encoder.layer.4.intermediate.dense.bias]\rLoading weights:  79%|\u2588\u2588\u2588\u2588\u2588\u2588\u2588\u258a  | 81/103 [00:00<00:00, 3458.22it/s, Materializing param=encoder.layer.4.intermediate.dense.weight]\rLoading weights:  79%|\u2588\u2588\u2588\u2588\u2588\u2588\u2588\u258a  | 81/103 [00:00<00:00, 3458.22it/s, Materializing param=encoder.layer.4.intermediate.dense.weight]\rLoading weights:  80%|\u2588\u2588\u2588\u2588\u2588\u2588\u2588\u2589  | 82/103 [00:00<00:00, 3500.91it/s, Materializing param=encoder.layer.4.output.LayerNorm.bias]    \rLoading weights:  80%|\u2588\u2588\u2588\u2588\u2588\u2588\u2588\u2589  | 82/103 [00:00<00:00, 3500.91it/s, Materializing param=encoder.layer.4.output.LayerNorm.bias]\rLoading weights:  81%|\u2588\u2588\u2588\u2588\u2588\u2588\u2588\u2588  | 83/103 [00:00<00:00, 3397.72it/s, Materializing param=encoder.layer.4.output.LayerNorm.weight]\rLoading weights:  81%|\u2588\u2588\u2588\u2588\u2588\u2588\u2588\u2588  | 83/103 [00:00<00:00, 3397.72it/s, Materializing param=encoder.layer.4.output.LayerNorm.weight]\rLoading weights:  82%|\u2588\u2588\u2588\u2588\u2588\u2588\u2588\u2588\u258f | 84/103 [00:00<00:00, 3438.66it/s, Materializing param=encoder.layer.4.output.dense.bias]      \rLoading weights:  82%|\u2588\u2588\u2588\u2588\u2588\u2588\u2588\u2588\u258f | 84/103 [00:00<00:00, 3438.66it/s, Materializing param=encoder.layer.4.output.dense.bias]\rLoading weights:  83%|\u2588\u2588\u2588\u2588\u2588\u2588\u2588\u2588\u258e | 85/103 [00:00<00:00, 3479.60it/s, Materializing param=encoder.layer.4.output.dense.weight]\rLoading weights:  83%|\u2588\u2588\u2588\u2588\u2588\u2588\u2588\u2588\u258e | 85/103 [00:00<00:00, 3479.60it/s, Materializing param=encoder.layer.4.output.dense.weight]\rLoading weights:  83%|\u2588\u2588\u2588\u2588\u2588\u2588\u2588\u2588\u258e | 86/103 [00:00<00:00, 3520.53it/s, Materializing param=encoder.layer.5.attention.output.LayerNorm.bias]\rLoading weights:  83%|\u2588\u2588\u2588\u2588\u2588\u2588\u2588\u2588\u258e | 86/103 [00:00<00:00, 3477.63it/s, Materializing param=encoder.layer.5.attention.output.LayerNorm.bias]\rLoading weights:  84%|\u2588\u2588\u2588\u2588\u2588\u2588\u2588\u2588\u258d | 87/103 [00:00<00:00, 3518.07it/s, Materializing param=encoder.layer.5.attention.output.LayerNorm.weight]\rLoading weights:  84%|\u2588\u2588\u2588\u2588\u2588\u2588\u2588\u2588\u258d | 87/103 [00:00<00:00, 3518.07it/s, Materializing param=encoder.layer.5.attention.output.LayerNorm.weight]\rLoading weights:  85%|\u2588\u2588\u2588\u2588\u2588\u2588\u2588\u2588\u258c | 88/103 [00:00<00:00, 3558.50it/s, Materializing param=encoder.layer.5.attention.output.dense.bias]      \rLoading weights:  85%|\u2588\u2588\u2588\u2588\u2588\u2588\u2588\u2588\u258c | 88/103 [00:00<00:00, 3504.35it/s, Materializing param=encoder.layer.5.attention.output.dense.bias]\rLoading weights:  86%|\u2588\u2588\u2588\u2588\u2588\u2588\u2588\u2588\u258b | 89/103 [00:00<00:00, 3544.17it/s, Materializing param=encoder.layer.5.attention.output.dense.weight]\rLoading weights:  86%|\u2588\u2588\u2588\u2588\u2588\u2588\u2588\u2588\u258b | 89/103 [00:00<00:00, 3544.17it/s, Materializing param=encoder.layer.5.attention.output.dense.weight]\rLoading weights:  87%|\u2588\u2588\u2588\u2588\u2588\u2588\u2588\u2588\u258b | 90/103 [00:00<00:00, 3583.99it/s, Materializing param=encoder.layer.5.attention.self.key.bias]      \rLoading weights:  87%|\u2588\u2588\u2588\u2588\u2588\u2588\u2588\u2588\u258b | 90/103 [00:00<00:00, 3583.99it/s, Materializing param=encoder.layer.5.attention.self.key.bias]\rLoading weights:  88%|\u2588\u2588\u2588\u2588\u2588\u2588\u2588\u2588\u258a | 91/103 [00:00<00:00, 3623.81it/s, Materializing param=encoder.layer.5.attention.self.key.weight]\rLoading weights:  88%|\u2588\u2588\u2588\u2588\u2588\u2588\u2588\u2588\u258a | 91/103 [00:00<00:00, 3623.81it/s, Materializing param=encoder.layer.5.attention.self.key.weight]\rLoading weights:  89%|\u2588\u2588\u2588\u2588\u2588\u2588\u2588\u2588\u2589 | 92/103 [00:00<00:00, 3663.63it/s, Materializing param=encoder.layer.5.attention.self.query.bias]\rLoading weights:  89%|\u2588\u2588\u2588\u2588\u2588\u2588\u2588\u2588\u2589 | 92/103 [00:00<00:00, 3663.63it/s, Materializing param=encoder.layer.5.attention.self.query.bias]\rLoading weights:  90%|\u2588\u2588\u2588\u2588\u2588\u2588\u2588\u2588\u2588 | 93/103 [00:00<00:00, 3703.46it/s, Materializing param=encoder.layer.5.attention.self.query.weight]\rLoading weights:  90%|\u2588\u2588\u2588\u2588\u2588\u2588\u2588\u2588\u2588 | 93/103 [00:00<00:00, 3703.46it/s, Materializing param=encoder.layer.5.attention.self.query.weight]\rLoading weights:  91%|\u2588\u2588\u2588\u2588\u2588\u2588\u2588\u2588\u2588\u258f| 94/103 [00:00<00:00, 3743.28it/s, Materializing param=encoder.layer.5.attention.self.value.bias]  \rLoading weights:  91%|\u2588\u2588\u2588\u2588\u2588\u2588\u2588\u2588\u2588\u258f| 94/103 [00:00<00:00, 3743.28it/s, Materializing param=encoder.layer.5.attention.self.value.bias]\rLoading weights:  92%|\u2588\u2588\u2588\u2588\u2588\u2588\u2588\u2588\u2588\u258f| 95/103 [00:00<00:00, 3783.10it/s, Materializing param=encoder.layer.5.attention.self.value.weight]\rLoading weights:  92%|\u2588\u2588\u2588\u2588\u2588\u2588\u2588\u2588\u2588\u258f| 95/103 [00:00<00:00, 3783.10it/s, Materializing param=encoder.layer.5.attention.self.value.weight]\rLoading weights:  93%|\u2588\u2588\u2588\u2588\u2588\u2588\u2588\u2588\u2588\u258e| 96/103 [00:00<00:00, 3822.92it/s, Materializing param=encoder.layer.5.intermediate.dense.bias]    \rLoading weights:  93%|\u2588\u2588\u2588\u2588\u2588\u2588\u2588\u2588\u2588\u258e| 96/103 [00:00<00:00, 3822.92it/s, Materializing param=encoder.layer.5.intermediate.dense.bias]\rLoading weights:  94%|\u2588\u2588\u2588\u2588\u2588\u2588\u2588\u2588\u2588\u258d| 97/103 [00:00<00:00, 3862.75it/s, Materializing param=encoder.layer.5.intermediate.dense.weight]\rLoading weights:  94%|\u2588\u2588\u2588\u2588\u2588\u2588\u2588\u2588\u2588\u258d| 97/103 [00:00<00:00, 3862.75it/s, Materializing param=encoder.layer.5.intermediate.dense.weight]\rLoading weights:  95%|\u2588\u2588\u2588\u2588\u2588\u2588\u2588\u2588\u2588\u258c| 98/103 [00:00<00:00, 3902.57it/s, Materializing param=encoder.layer.5.output.LayerNorm.bias]    \rLoading weights:  95%|\u2588\u2588\u2588\u2588\u2588\u2588\u2588\u2588\u2588\u258c| 98/103 [00:00<00:00, 3902.57it/s, Materializing param=encoder.layer.5.output.LayerNorm.bias]\rLoading weights:  96%|\u2588\u2588\u2588\u2588\u2588\u2588\u2588\u2588\u2588\u258c| 99/103 [00:00<00:00, 3942.39it/s, Materializing param=encoder.layer.5.output.LayerNorm.weight]\rLoading weights:  96%|\u2588\u2588\u2588\u2588\u2588\u2588\u2588\u2588\u2588\u258c| 99/103 [00:00<00:00, 3942.39it/s, Materializing param=encoder.layer.5.output.LayerNorm.weight]\rLoading weights:  97%|\u2588\u2588\u2588\u2588\u2588\u2588\u2588\u2588\u2588\u258b| 100/103 [00:00<00:00, 3982.21it/s, Materializing param=encoder.layer.5.output.dense.bias]     \rLoading weights:  97%|\u2588\u2588\u2588\u2588\u2588\u2588\u2588\u2588\u2588\u258b| 100/103 [00:00<00:00, 3982.21it/s, Materializing param=encoder.layer.5.output.dense.bias]\rLoading weights:  98%|\u2588\u2588\u2588\u2588\u2588\u2588\u2588\u2588\u2588\u258a| 101/103 [00:00<00:00, 4022.03it/s, Materializing param=encoder.layer.5.output.dense.weight]\rLoading weights:  98%|\u2588\u2588\u2588\u2588\u2588\u2588\u2588\u2588\u2588\u258a| 101/103 [00:00<00:00, 4022.03it/s, Materializing param=encoder.layer.5.output.dense.weight]\rLoading weights:  99%|\u2588\u2588\u2588\u2588\u2588\u2588\u2588\u2588\u2588\u2589| 102/103 [00:00<00:00, 4061.86it/s, Materializing param=pooler.dense.bias]                  \rLoading weights:  99%|\u2588\u2588\u2588\u2588\u2588\u2588\u2588\u2588\u2588\u2589| 102/103 [00:00<00:00, 3902.14it/s, Materializing param=pooler.dense.bias]\rLoading weights: 100%|\u2588\u2588\u2588\u2588\u2588\u2588\u2588\u2588\u2588\u2588| 103/103 [00:00<00:00, 3940.40it/s, Materializing param=pooler.dense.weight]\rLoading weights: 100%|\u2588\u2588\u2588\u2588\u2588\u2588\u2588\u2588\u2588\u2588| 103/103 [00:00<00:00, 3940.40it/s, Materializing param=pooler.dense.weight]\rLoading weights: 100%|\u2588\u2588\u2588\u2588\u2588\u2588\u2588\u2588\u2588\u2588| 103/103 [00:00<00:00, 3940.40it/s, Materializing param=pooler.dense.weight]\n\x1b[1mBertModel LOAD REPORT\x1b[0m from: sentence-transformers/all-MiniLM-L6-v2\nKey                     | Status     |  | \n------------------------+------------+--+-\nembeddings.position_ids | UNEXPECTED |  | \n\n\x1b[3mNotes:\n- UNEXPECTED\x1b[3m\t:can be ignored when loading from different task/architecture; not ok if you expect identical arch.\x1b[0m
----------------------------- Captured log setup ------------------------------
WARNING  huggingface_hub.utils._http:_http.py:857 Warning: You are sending unauthenticated requests to the HF Hub. Please set a HF_TOKEN to enable higher rate limits and faster downloads.
_____________________ TestRAGEngine.test_add_and_retrieve _____________________

self = <test_rag.TestRAGEngine object at 0x000001E8C7F3DB20>

    def test_add_and_retrieve(self):
        """Documents added to the store should be retrievable."""
        text = (
            "Newton's Second Law of Motion: The rate of change of momentum "
            "is proportional to applied force. F = ma where F is force, "
            "m is mass, and a is acceleration. "
        ) * 20   # repeat to pass min length
    
        doc_id = self.rag.add_document(text, {
            "filename": "test.txt",
            "subject": "Physics"
        })
    
        assert doc_id is not None
        result = self.rag.retrieve("What is Newton's Second Law?", top_k=3)
        assert "chunks" in result
        # Should find relevant content
>       assert len(result["chunks"]) > 0
E       assert 0 > 0
E        +  where 0 = len([])

tests\test_rag.py:52: AssertionError
---------------------------- Captured stdout setup ----------------------------
[RAG] Initializing ChromaDB...
[RAG] Loading embedding model: all-MiniLM-L6-v2
[RAG] Ready.
---------------------------- Captured stderr setup ----------------------------
\rLoading weights:   0%|          | 0/103 [00:00<?, ?it/s]\rLoading weights:   1%|          | 1/103 [00:00<?, ?it/s, Materializing param=embeddings.LayerNorm.bias]\rLoading weights:   1%|          | 1/103 [00:00<?, ?it/s, Materializing param=embeddings.LayerNorm.bias]\rLoading weights:   2%|\u258f         | 2/103 [00:00<?, ?it/s, Materializing param=embeddings.LayerNorm.weight]\rLoading weights:   2%|\u258f         | 2/103 [00:00<?, ?it/s, Materializing param=embeddings.LayerNorm.weight]\rLoading weights:   3%|\u258e         | 3/103 [00:00<?, ?it/s, Materializing param=embeddings.position_embeddings.weight]\rLoading weights:   3%|\u258e         | 3/103 [00:00<?, ?it/s, Materializing param=embeddings.position_embeddings.weight]\rLoading weights:   4%|\u258d         | 4/103 [00:00<?, ?it/s, Materializing param=embeddings.token_type_embeddings.weight]\rLoading weights:   4%|\u258d         | 4/103 [00:00<?, ?it/s, Materializing param=embeddings.token_type_embeddings.weight]\rLoading weights:   5%|\u258d         | 5/103 [00:00<?, ?it/s, Materializing param=embeddings.word_embeddings.weight]      \rLoading weights:   5%|\u258d         | 5/103 [00:00<?, ?it/s, Materializing param=embeddings.word_embeddings.weight]\rLoading weights:   6%|\u258c         | 6/103 [00:00<?, ?it/s, Materializing param=encoder.layer.0.attention.output.LayerNorm.bias]\rLoading weights:   6%|\u258c         | 6/103 [00:00<?, ?it/s, Materializing param=encoder.layer.0.attention.output.LayerNorm.bias]\rLoading weights:   7%|\u258b         | 7/103 [00:00<?, ?it/s, Materializing param=encoder.layer.0.attention.output.LayerNorm.weight]\rLoading weights:   7%|\u258b         | 7/103 [00:00<?, ?it/s, Materializing param=encoder.layer.0.attention.output.LayerNorm.weight]\rLoading weights:   8%|\u258a         | 8/103 [00:00<?, ?it/s, Materializing param=encoder.layer.0.attention.output.dense.bias]      \rLoading weights:   8%|\u258a         | 8/103 [00:00<?, ?it/s, Materializing param=encoder.layer.0.attention.output.dense.bias]\rLoading weights:   9%|\u258a         | 9/103 [00:00<?, ?it/s, Materializing param=encoder.layer.0.attention.output.dense.weight]\rLoading weights:   9%|\u258a         | 9/103 [00:00<?, ?it/s, Materializing param=encoder.layer.0.attention.output.dense.weight]\rLoading weights:  10%|\u2589         | 10/103 [00:00<?, ?it/s, Materializing param=encoder.layer.0.attention.self.key.bias]     \rLoading weights:  10%|\u2589         | 10/103 [00:00<?, ?it/s, Materializing param=encoder.layer.0.attention.self.key.bias]\rLoading weights:  11%|\u2588         | 11/103 [00:00<?, ?it/s, Materializing param=encoder.layer.0.attention.self.key.weight]\rLoading weights:  11%|\u2588         | 11/103 [00:00<?, ?it/s, Materializing param=encoder.layer.0.attention.self.key.weight]\rLoading weights:  12%|\u2588\u258f        | 12/103 [00:00<?, ?it/s, Materializing param=encoder.layer.0.attention.self.query.bias]\rLoading weights:  12%|\u2588\u258f        | 12/103 [00:00<?, ?it/s, Materializing param=encoder.layer.0.attention.self.query.bias]\rLoading weights:  13%|\u2588\u258e        | 13/103 [00:00<00:00, 1956.65it/s, Materializing param=encoder.layer.0.attention.self.query.weight]\rLoading weights:  13%|\u2588\u258e        | 13/103 [00:00<00:00, 1956.65it/s, Materializing param=encoder.layer.0.attention.self.query.weight]\rLoading weights:  14%|\u2588\u258e        | 14/103 [00:00<00:00, 1929.56it/s, Materializing param=encoder.layer.0.attention.self.value.bias]  \rLoading weights:  14%|\u2588\u258e        | 14/103 [00:00<00:00, 1929.56it/s, Materializing param=encoder.layer.0.attention.self.value.bias]\rLoading weights:  15%|\u2588\u258d        | 15/103 [00:00<00:00, 2067.38it/s, Materializing param=encoder.layer.0.attention.self.value.weight]\rLoading weights:  15%|\u2588\u258d        | 15/103 [00:00<00:00, 2067.38it/s, Materializing param=encoder.layer.0.attention.self.value.weight]\rLoading weights:  16%|\u2588\u258c        | 16/103 [00:00<00:00, 2205.21it/s, Materializing param=encoder.layer.0.intermediate.dense.bias]    \rLoading weights:  16%|\u2588\u258c        | 16/103 [00:00<00:00, 2205.21it/s, Materializing param=encoder.layer.0.intermediate.dense.bias]\rLoading weights:  17%|\u2588\u258b        | 17/103 [00:00<00:00, 2343.03it/s, Materializing param=encoder.layer.0.intermediate.dense.weight]\rLoading weights:  17%|\u2588\u258b        | 17/103 [00:00<00:00, 2343.03it/s, Materializing param=encoder.layer.0.intermediate.dense.weight]\rLoading weights:  17%|\u2588\u258b        | 18/103 [00:00<00:00, 2480.86it/s, Materializing param=encoder.layer.0.output.LayerNorm.bias]    \rLoading weights:  17%|\u2588\u258b        | 18/103 [00:00<00:00, 2480.86it/s, Materializing param=encoder.layer.0.output.LayerNorm.bias]\rLoading weights:  18%|\u2588\u258a        | 19/103 [00:00<00:00, 2618.68it/s, Materializing param=encoder.layer.0.output.LayerNorm.weight]\rLoading weights:  18%|\u2588\u258a        | 19/103 [00:00<00:00, 2618.68it/s, Materializing param=encoder.layer.0.output.LayerNorm.weight]\rLoading weights:  19%|\u2588\u2589        | 20/103 [00:00<00:00, 2756.51it/s, Materializing param=encoder.layer.0.output.dense.bias]      \rLoading weights:  19%|\u2588\u2589        | 20/103 [00:00<00:00, 2756.51it/s, Materializing param=encoder.layer.0.output.dense.bias]\rLoading weights:  20%|\u2588\u2588        | 21/103 [00:00<00:00, 2894.33it/s, Materializing param=encoder.layer.0.output.dense.weight]\rLoading weights:  20%|\u2588\u2588        | 21/103 [00:00<00:00, 2894.33it/s, Materializing param=encoder.layer.0.output.dense.weight]\rLoading weights:  21%|\u2588\u2588\u258f       | 22/103 [00:00<00:00, 3032.16it/s, Materializing param=encoder.layer.1.attention.output.LayerNorm.bias]\rLoading weights:  21%|\u2588\u2588\u258f       | 22/103 [00:00<00:00, 3032.16it/s, Materializing param=encoder.layer.1.attention.output.LayerNorm.bias]\rLoading weights:  22%|\u2588\u2588\u258f       | 23/103 [00:00<00:00, 3169.99it/s, Materializing param=encoder.layer.1.attention.output.LayerNorm.weight]\rLoading weights:  22%|\u2588\u2588\u258f       | 23/103 [00:00<00:00, 3169.99it/s, Materializing param=encoder.layer.1.attention.output.LayerNorm.weight]\rLoading weights:  23%|\u2588\u2588\u258e       | 24/103 [00:00<00:00, 3307.81it/s, Materializing param=encoder.layer.1.attention.output.dense.bias]      \rLoading weights:  23%|\u2588\u2588\u258e       | 24/103 [00:00<00:00, 3307.81it/s, Materializing param=encoder.layer.1.attention.output.dense.bias]\rLoading weights:  24%|\u2588\u2588\u258d       | 25/103 [00:00<00:00, 3445.64it/s, Materializing param=encoder.layer.1.attention.output.dense.weight]\rLoading weights:  24%|\u2588\u2588\u258d       | 25/103 [00:00<00:00, 3445.64it/s, Materializing param=encoder.layer.1.attention.output.dense.weight]\rLoading weights:  25%|\u2588\u2588\u258c       | 26/103 [00:00<00:00, 3583.46it/s, Materializing param=encoder.layer.1.attention.self.key.bias]      \rLoading weights:  25%|\u2588\u2588\u258c       | 26/103 [00:00<00:00, 3583.46it/s, Materializing param=encoder.layer.1.attention.self.key.bias]\rLoading weights:  26%|\u2588\u2588\u258c       | 27/103 [00:00<00:00, 3721.29it/s, Materializing param=encoder.layer.1.attention.self.key.weight]\rLoading weights:  26%|\u2588\u2588\u258c       | 27/103 [00:00<00:00, 3721.29it/s, Materializing param=encoder.layer.1.attention.self.key.weight]\rLoading weights:  27%|\u2588\u2588\u258b       | 28/103 [00:00<00:00, 3859.11it/s, Materializing param=encoder.layer.1.attention.self.query.bias]\rLoading weights:  27%|\u2588\u2588\u258b       | 28/103 [00:00<00:00, 3859.11it/s, Materializing param=encoder.layer.1.attention.self.query.bias]\rLoading weights:  28%|\u2588\u2588\u258a       | 29/103 [00:00<00:00, 3996.94it/s, Materializing param=encoder.layer.1.attention.self.query.weight]\rLoading weights:  28%|\u2588\u2588\u258a       | 29/103 [00:00<00:00, 3996.94it/s, Materializing param=encoder.layer.1.attention.self.query.weight]\rLoading weights:  29%|\u2588\u2588\u2589       | 30/103 [00:00<00:00, 4134.76it/s, Materializing param=encoder.layer.1.attention.self.value.bias]  \rLoading weights:  29%|\u2588\u2588\u2589       | 30/103 [00:00<00:00, 4134.76it/s, Materializing param=encoder.layer.1.attention.self.value.bias]\rLoading weights:  30%|\u2588\u2588\u2588       | 31/103 [00:00<00:00, 4272.59it/s, Materializing param=encoder.layer.1.attention.self.value.weight]\rLoading weights:  30%|\u2588\u2588\u2588       | 31/103 [00:00<00:00, 4272.59it/s, Materializing param=encoder.layer.1.attention.self.value.weight]\rLoading weights:  31%|\u2588\u2588\u2588       | 32/103 [00:00<00:00, 4410.41it/s, Materializing param=encoder.layer.1.intermediate.dense.bias]    \rLoading weights:  31%|\u2588\u2588\u2588       | 32/103 [00:00<00:00, 4410.41it/s, Materializing param=encoder.layer.1.intermediate.dense.bias]\rLoading weights:  32%|\u2588\u2588\u2588\u258f      | 33/103 [00:00<00:00, 4548.24it/s, Materializing param=encoder.layer.1.intermediate.dense.weight]\rLoading weights:  32%|\u2588\u2588\u2588\u258f      | 33/103 [00:00<00:00, 4548.24it/s, Materializing param=encoder.layer.1.intermediate.dense.weight]\rLoading weights:  33%|\u2588\u2588\u2588\u258e      | 34/103 [00:00<00:00, 4686.07it/s, Materializing param=encoder.layer.1.output.LayerNorm.bias]    \rLoading weights:  33%|\u2588\u2588\u2588\u258e      | 34/103 [00:00<00:00, 4686.07it/s, Materializing param=encoder.layer.1.output.LayerNorm.bias]\rLoading weights:  34%|\u2588\u2588\u2588\u258d      | 35/103 [00:00<00:00, 4823.89it/s, Materializing param=encoder.layer.1.output.LayerNorm.weight]\rLoading weights:  34%|\u2588\u2588\u2588\u258d      | 35/103 [00:00<00:00, 4823.89it/s, Materializing param=encoder.layer.1.output.LayerNorm.weight]\rLoading weights:  35%|\u2588\u2588\u2588\u258d      | 36/103 [00:00<00:00, 4961.72it/s, Materializing param=encoder.layer.1.output.dense.bias]      \rLoading weights:  35%|\u2588\u2588\u2588\u258d      | 36/103 [00:00<00:00, 4961.72it/s, Materializing param=encoder.layer.1.output.dense.bias]\rLoading weights:  36%|\u2588\u2588\u2588\u258c      | 37/103 [00:00<00:00, 5099.54it/s, Materializing param=encoder.layer.1.output.dense.weight]\rLoading weights:  36%|\u2588\u2588\u2588\u258c      | 37/103 [00:00<00:00, 5099.54it/s, Materializing param=encoder.layer.1.output.dense.weight]\rLoading weights:  37%|\u2588\u2588\u2588\u258b      | 38/103 [00:00<00:00, 5237.37it/s, Materializing param=encoder.layer.2.attention.output.LayerNorm.bias]\rLoading weights:  37%|\u2588\u2588\u2588\u258b      | 38/103 [00:00<00:00, 2954.06it/s, Materializing param=encoder.layer.2.attention.output.LayerNorm.bias]\rLoading weights:  38%|\u2588\u2588\u2588\u258a      | 39/103 [00:00<00:00, 3031.80it/s, Materializing param=encoder.layer.2.attention.output.LayerNorm.weight]\rLoading weights:  38%|\u2588\u2588\u2588\u258a      | 39/103 [00:00<00:00, 3031.80it/s, Materializing param=encoder.layer.2.attention.output.LayerNorm.weight]\rLoading weights:  39%|\u2588\u2588\u2588\u2589      | 40/103 [00:00<00:00, 3109.54it/s, Materializing param=encoder.layer.2.attention.output.dense.bias]      \rLoading weights:  39%|\u2588\u2588\u2588\u2589      | 40/103 [00:00<00:00, 3109.54it/s, Materializing param=encoder.layer.2.attention.output.dense.bias]\rLoading weights:  40%|\u2588\u2588\u2588\u2589      | 41/103 [00:00<00:00, 3187.28it/s, Materializing param=encoder.layer.2.attention.output.dense.weight]\rLoading weights:  40%|\u2588\u2588\u2588\u2589      | 41/103 [00:00<00:00, 3187.28it/s, Materializing param=encoder.layer.2.attention.output.dense.weight]\rLoading weights:  41%|\u2588\u2588\u2588\u2588      | 42/103 [00:00<00:00, 3265.02it/s, Materializing param=encoder.layer.2.attention.self.key.bias]      \rLoading weights:  41%|\u2588\u2588\u2588\u2588      | 42/103 [00:00<00:00, 3265.02it/s, Materializing param=encoder.layer.2.attention.self.key.bias]\rLoading weights:  42%|\u2588\u2588\u2588\u2588\u258f     | 43/103 [00:00<00:00, 3342.76it/s, Materializing param=encoder.layer.2.attention.self.key.weight]\rLoading weights:  42%|\u2588\u2588\u2588\u2588\u258f     | 43/103 [00:00<00:00, 3342.76it/s, Materializing param=encoder.layer.2.attention.self.key.weight]\rLoading weights:  43%|\u2588\u2588\u2588\u2588\u258e     | 44/103 [00:00<00:00, 3420.49it/s, Materializing param=encoder.layer.2.attention.self.query.bias]\rLoading weights:  43%|\u2588\u2588\u2588\u2588\u258e     | 44/103 [00:00<00:00, 3420.49it/s, Materializing param=encoder.layer.2.attention.self.query.bias]\rLoading weights:  44%|\u2588\u2588\u2588\u2588\u258e     | 45/103 [00:00<00:00, 3498.23it/s, Materializing param=encoder.layer.2.attention.self.query.weight]\rLoading weights:  44%|\u2588\u2588\u2588\u2588\u258e     | 45/103 [00:00<00:00, 3498.23it/s, Materializing param=encoder.layer.2.attention.self.query.weight]\rLoading weights:  45%|\u2588\u2588\u2588\u2588\u258d     | 46/103 [00:00<00:00, 3575.97it/s, Materializing param=encoder.layer.2.attention.self.value.bias]  \rLoading weights:  45%|\u2588\u2588\u2588\u2588\u258d     | 46/103 [00:00<00:00, 3575.97it/s, Materializing param=encoder.layer.2.attention.self.value.bias]\rLoading weights:  46%|\u2588\u2588\u2588\u2588\u258c     | 47/103 [00:00<00:00, 3653.71it/s, Materializing param=encoder.layer.2.attention.self.value.weight]\rLoading weights:  46%|\u2588\u2588\u2588\u2588\u258c     | 47/103 [00:00<00:00, 3653.71it/s, Materializing param=encoder.layer.2.attention.self.value.weight]\rLoading weights:  47%|\u2588\u2588\u2588\u2588\u258b     | 48/103 [00:00<00:00, 3731.45it/s, Materializing param=encoder.layer.2.intermediate.dense.bias]    \rLoading weights:  47%|\u2588\u2588\u2588\u2588\u258b     | 48/103 [00:00<00:00, 3731.45it/s, Materializing param=encoder.layer.2.intermediate.dense.bias]\rLoading weights:  48%|\u2588\u2588\u2588\u2588\u258a     | 49/103 [00:00<00:00, 3809.19it/s, Materializing param=encoder.layer.2.intermediate.dense.weight]\rLoading weights:  48%|\u2588\u2588\u2588\u2588\u258a     | 49/103 [00:00<00:00, 3809.19it/s, Materializing param=encoder.layer.2.intermediate.dense.weight]\rLoading weights:  49%|\u2588\u2588\u2588\u2588\u258a     | 50/103 [00:00<00:00, 3886.93it/s, Materializing param=encoder.layer.2.output.LayerNorm.bias]    \rLoading weights:  49%|\u2588\u2588\u2588\u2588\u258a     | 50/103 [00:00<00:00, 3886.93it/s, Materializing param=encoder.layer.2.output.LayerNorm.bias]\rLoading weights:  50%|\u2588\u2588\u2588\u2588\u2589     | 51/103 [00:00<00:00, 3964.66it/s, Materializing param=encoder.layer.2.output.LayerNorm.weight]\rLoading weights:  50%|\u2588\u2588\u2588\u2588\u2589     | 51/103 [00:00<00:00, 3964.66it/s, Materializing param=encoder.layer.2.output.LayerNorm.weight]\rLoading weights:  50%|\u2588\u2588\u2588\u2588\u2588     | 52/103 [00:00<00:00, 4042.40it/s, Materializing param=encoder.layer.2.output.dense.bias]      \rLoading weights:  50%|\u2588\u2588\u2588\u2588\u2588     | 52/103 [00:00<00:00, 4042.40it/s, Materializing param=encoder.layer.2.output.dense.bias]\rLoading weights:  51%|\u2588\u2588\u2588\u2588\u2588\u258f    | 53/103 [00:00<00:00, 4120.14it/s, Materializing param=encoder.layer.2.output.dense.weight]\rLoading weights:  51%|\u2588\u2588\u2588\u2588\u2588\u258f    | 53/103 [00:00<00:00, 4120.14it/s, Materializing param=encoder.layer.2.output.dense.weight]\rLoading weights:  52%|\u2588\u2588\u2588\u2588\u2588\u258f    | 54/103 [00:00<00:00, 4197.88it/s, Materializing param=encoder.layer.3.attention.output.LayerNorm.bias]\rLoading weights:  52%|\u2588\u2588\u2588\u2588\u2588\u258f    | 54/103 [00:00<00:00, 4197.88it/s, Materializing param=encoder.layer.3.attention.output.LayerNorm.bias]\rLoading weights:  53%|\u2588\u2588\u2588\u2588\u2588\u258e    | 55/103 [00:00<00:00, 4275.62it/s, Materializing param=encoder.layer.3.attention.output.LayerNorm.weight]\rLoading weights:  53%|\u2588\u2588\u2588\u2588\u2588\u258e    | 55/103 [00:00<00:00, 4275.62it/s, Materializing param=encoder.layer.3.attention.output.LayerNorm.weight]\rLoading weights:  54%|\u2588\u2588\u2588\u2588\u2588\u258d    | 56/103 [00:00<00:00, 4353.36it/s, Materializing param=encoder.layer.3.attention.output.dense.bias]      \rLoading weights:  54%|\u2588\u2588\u2588\u2588\u2588\u258d    | 56/103 [00:00<00:00, 4353.36it/s, Materializing param=encoder.layer.3.attention.output.dense.bias]\rLoading weights:  55%|\u2588\u2588\u2588\u2588\u2588\u258c    | 57/103 [00:00<00:00, 4431.10it/s, Materializing param=encoder.layer.3.attention.output.dense.weight]\rLoading weights:  55%|\u2588\u2588\u2588\u2588\u2588\u258c    | 57/103 [00:00<00:00, 4431.10it/s, Materializing param=encoder.layer.3.attention.output.dense.weight]\rLoading weights:  56%|\u2588\u2588\u2588\u2588\u2588\u258b    | 58/103 [00:00<00:00, 4508.83it/s, Materializing param=encoder.layer.3.attention.self.key.bias]      \rLoading weights:  56%|\u2588\u2588\u2588\u2588\u2588\u258b    | 58/103 [00:00<00:00, 4508.83it/s, Materializing param=encoder.layer.3.attention.self.key.bias]\rLoading weights:  57%|\u2588\u2588\u2588\u2588\u2588\u258b    | 59/103 [00:00<00:00, 4586.57it/s, Materializing param=encoder.layer.3.attention.self.key.weight]\rLoading weights:  57%|\u2588\u2588\u2588\u2588\u2588\u258b    | 59/103 [00:00<00:00, 4586.57it/s, Materializing param=encoder.layer.3.attention.self.key.weight]\rLoading weights:  58%|\u2588\u2588\u2588\u2588\u2588\u258a    | 60/103 [00:00<00:00, 4664.31it/s, Materializing param=encoder.layer.3.attention.self.query.bias]\rLoading weights:  58%|\u2588\u2588\u2588\u2588\u2588\u258a    | 60/103 [00:00<00:00, 4664.31it/s, Materializing param=encoder.layer.3.attention.self.query.bias]\rLoading weights:  59%|\u2588\u2588\u2588\u2588\u2588\u2589    | 61/103 [00:00<00:00, 4742.05it/s, Materializing param=encoder.layer.3.attention.self.query.weight]\rLoading weights:  59%|\u2588\u2588\u2588\u2588\u2588\u2589    | 61/103 [00:00<00:00, 4742.05it/s, Materializing param=encoder.layer.3.attention.self.query.weight]\rLoading weights:  60%|\u2588\u2588\u2588\u2588\u2588\u2588    | 62/103 [00:00<00:00, 4819.79it/s, Materializing param=encoder.layer.3.attention.self.value.bias]  \rLoading weights:  60%|\u2588\u2588\u2588\u2588\u2588\u2588    | 62/103 [00:00<00:00, 4819.79it/s, Materializing param=encoder.layer.3.attention.self.value.bias]\rLoading weights:  61%|\u2588\u2588\u2588\u2588\u2588\u2588    | 63/103 [00:00<00:00, 4897.53it/s, Materializing param=encoder.layer.3.attention.self.value.weight]\rLoading weights:  61%|\u2588\u2588\u2588\u2588\u2588\u2588    | 63/103 [00:00<00:00, 4897.53it/s, Materializing param=encoder.layer.3.attention.self.value.weight]\rLoading weights:  62%|\u2588\u2588\u2588\u2588\u2588\u2588\u258f   | 64/103 [00:00<00:00, 4975.27it/s, Materializing param=encoder.layer.3.intermediate.dense.bias]    \rLoading weights:  62%|\u2588\u2588\u2588\u2588\u2588\u2588\u258f   | 64/103 [00:00<00:00, 4975.27it/s, Materializing param=encoder.layer.3.intermediate.dense.bias]\rLoading weights:  63%|\u2588\u2588\u2588\u2588\u2588\u2588\u258e   | 65/103 [00:00<00:00, 5053.00it/s, Materializing param=encoder.layer.3.intermediate.dense.weight]\rLoading weights:  63%|\u2588\u2588\u2588\u2588\u2588\u2588\u258e   | 65/103 [00:00<00:00, 5053.00it/s, Materializing param=encoder.layer.3.intermediate.dense.weight]\rLoading weights:  64%|\u2588\u2588\u2588\u2588\u2588\u2588\u258d   | 66/103 [00:00<00:00, 5130.74it/s, Materializing param=encoder.layer.3.output.LayerNorm.bias]    \rLoading weights:  64%|\u2588\u2588\u2588\u2588\u2588\u2588\u258d   | 66/103 [00:00<00:00, 5130.74it/s, Materializing param=encoder.layer.3.output.LayerNorm.bias]\rLoading weights:  65%|\u2588\u2588\u2588\u2588\u2588\u2588\u258c   | 67/103 [00:00<00:00, 5208.48it/s, Materializing param=encoder.layer.3.output.LayerNorm.weight]\rLoading weights:  65%|\u2588\u2588\u2588\u2588\u2588\u2588\u258c   | 67/103 [00:00<00:00, 5208.48it/s, Materializing param=encoder.layer.3.output.LayerNorm.weight]\rLoading weights:  66%|\u2588\u2588\u2588\u2588\u2588\u2588\u258c   | 68/103 [00:00<00:00, 5286.22it/s, Materializing param=encoder.layer.3.output.dense.bias]      \rLoading weights:  66%|\u2588\u2588\u2588\u2588\u2588\u2588\u258c   | 68/103 [00:00<00:00, 5286.22it/s, Materializing param=encoder.layer.3.output.dense.bias]\rLoading weights:  67%|\u2588\u2588\u2588\u2588\u2588\u2588\u258b   | 69/103 [00:00<00:00, 5363.96it/s, Materializing param=encoder.layer.3.output.dense.weight]\rLoading weights:  67%|\u2588\u2588\u2588\u2588\u2588\u2588\u258b   | 69/103 [00:00<00:00, 5363.96it/s, Materializing param=encoder.layer.3.output.dense.weight]\rLoading weights:  68%|\u2588\u2588\u2588\u2588\u2588\u2588\u258a   | 70/103 [00:00<00:00, 5441.70it/s, Materializing param=encoder.layer.4.attention.output.LayerNorm.bias]\rLoading weights:  68%|\u2588\u2588\u2588\u2588\u2588\u2588\u258a   | 70/103 [00:00<00:00, 5441.70it/s, Materializing param=encoder.layer.4.attention.output.LayerNorm.bias]\rLoading weights:  69%|\u2588\u2588\u2588\u2588\u2588\u2588\u2589   | 71/103 [00:00<00:00, 5519.43it/s, Materializing param=encoder.layer.4.attention.output.LayerNorm.weight]\rLoading weights:  69%|\u2588\u2588\u2588\u2588\u2588\u2588\u2589   | 71/103 [00:00<00:00, 5519.43it/s, Materializing param=encoder.layer.4.attention.output.LayerNorm.weight]\rLoading weights:  70%|\u2588\u2588\u2588\u2588\u2588\u2588\u2589   | 72/103 [00:00<00:00, 5597.17it/s, Materializing param=encoder.layer.4.attention.output.dense.bias]      \rLoading weights:  70%|\u2588\u2588\u2588\u2588\u2588\u2588\u2589   | 72/103 [00:00<00:00, 5597.17it/s, Materializing param=encoder.layer.4.attention.output.dense.bias]\rLoading weights:  71%|\u2588\u2588\u2588\u2588\u2588\u2588\u2588   | 73/103 [00:00<00:00, 5674.91it/s, Materializing param=encoder.layer.4.attention.output.dense.weight]\rLoading weights:  71%|\u2588\u2588\u2588\u2588\u2588\u2588\u2588   | 73/103 [00:00<00:00, 5674.91it/s, Materializing param=encoder.layer.4.attention.output.dense.weight]\rLoading weights:  72%|\u2588\u2588\u2588\u2588\u2588\u2588\u2588\u258f  | 74/103 [00:00<00:00, 5752.65it/s, Materializing param=encoder.layer.4.attention.self.key.bias]      \rLoading weights:  72%|\u2588\u2588\u2588\u2588\u2588\u2588\u2588\u258f  | 74/103 [00:00<00:00, 5752.65it/s, Materializing param=encoder.layer.4.attention.self.key.bias]\rLoading weights:  73%|\u2588\u2588\u2588\u2588\u2588\u2588\u2588\u258e  | 75/103 [00:00<00:00, 5830.39it/s, Materializing param=encoder.layer.4.attention.self.key.weight]\rLoading weights:  73%|\u2588\u2588\u2588\u2588\u2588\u2588\u2588\u258e  | 75/103 [00:00<00:00, 5830.39it/s, Materializing param=encoder.layer.4.attention.self.key.weight]\rLoading weights:  74%|\u2588\u2588\u2588\u2588\u2588\u2588\u2588\u258d  | 76/103 [00:00<00:00, 5908.13it/s, Materializing param=encoder.layer.4.attention.self.query.bias]\rLoading weights:  74%|\u2588\u2588\u2588\u2588\u2588\u2588\u2588\u258d  | 76/103 [00:00<00:00, 5908.13it/s, Materializing param=encoder.layer.4.attention.self.query.bias]\rLoading weights:  75%|\u2588\u2588\u2588\u2588\u2588\u2588\u2588\u258d  | 77/103 [00:00<00:00, 5985.87it/s, Materializing param=encoder.layer.4.attention.self.query.weight]\rLoading weights:  75%|\u2588\u2588\u2588\u2588\u2588\u2588\u2588\u258d  | 77/103 [00:00<00:00, 5985.87it/s, Materializing param=encoder.layer.4.attention.self.query.weight]\rLoading weights:  76%|\u2588\u2588\u2588\u2588\u2588\u2588\u2588\u258c  | 78/103 [00:00<00:00, 6063.60it/s, Materializing param=encoder.layer.4.attention.self.value.bias]  \rLoading weights:  76%|\u2588\u2588\u2588\u2588\u2588\u2588\u2588\u258c  | 78/103 [00:00<00:00, 6063.60it/s, Materializing param=encoder.layer.4.attention.self.value.bias]\rLoading weights:  77%|\u2588\u2588\u2588\u2588\u2588\u2588\u2588\u258b  | 79/103 [00:00<00:00, 6141.34it/s, Materializing param=encoder.layer.4.attention.self.value.weight]\rLoading weights:  77%|\u2588\u2588\u2588\u2588\u2588\u2588\u2588\u258b  | 79/103 [00:00<00:00, 6141.34it/s, Materializing param=encoder.layer.4.attention.self.value.weight]\rLoading weights:  78%|\u2588\u2588\u2588\u2588\u2588\u2588\u2588\u258a  | 80/103 [00:00<00:00, 6219.08it/s, Materializing param=encoder.layer.4.intermediate.dense.bias]    \rLoading weights:  78%|\u2588\u2588\u2588\u2588\u2588\u2588\u2588\u258a  | 80/103 [00:00<00:00, 6219.08it/s, Materializing param=encoder.layer.4.intermediate.dense.bias]\rLoading weights:  79%|\u2588\u2588\u2588\u2588\u2588\u2588\u2588\u258a  | 81/103 [00:00<00:00, 6296.82it/s, Materializing param=encoder.layer.4.intermediate.dense.weight]\rLoading weights:  79%|\u2588\u2588\u2588\u2588\u2588\u2588\u2588\u258a  | 81/103 [00:00<00:00, 6296.82it/s, Materializing param=encoder.layer.4.intermediate.dense.weight]\rLoading weights:  80%|\u2588\u2588\u2588\u2588\u2588\u2588\u2588\u2589  | 82/103 [00:00<00:00, 6374.56it/s, Materializing param=encoder.layer.4.output.LayerNorm.bias]    \rLoading weights:  80%|\u2588\u2588\u2588\u2588\u2588\u2588\u2588\u2589  | 82/103 [00:00<00:00, 6374.56it/s, Materializing param=encoder.layer.4.output.LayerNorm.bias]\rLoading weights:  81%|\u2588\u2588\u2588\u2588\u2588\u2588\u2588\u2588  | 83/103 [00:00<00:00, 6452.30it/s, Materializing param=encoder.layer.4.output.LayerNorm.weight]\rLoading weights:  81%|\u2588\u2588\u2588\u2588\u2588\u2588\u2588\u2588  | 83/103 [00:00<00:00, 6452.30it/s, Materializing param=encoder.layer.4.output.LayerNorm.weight]\rLoading weights:  82%|\u2588\u2588\u2588\u2588\u2588\u2588\u2588\u2588\u258f | 84/103 [00:00<00:00, 6530.04it/s, Materializing param=encoder.layer.4.output.dense.bias]      \rLoading weights:  82%|\u2588\u2588\u2588\u2588\u2588\u2588\u2588\u2588\u258f | 84/103 [00:00<00:00, 6530.04it/s, Materializing param=encoder.layer.4.output.dense.bias]\rLoading weights:  83%|\u2588\u2588\u2588\u2588\u2588\u2588\u2588\u2588\u258e | 85/103 [00:00<00:00, 6607.77it/s, Materializing param=encoder.layer.4.output.dense.weight]\rLoading weights:  83%|\u2588\u2588\u2588\u2588\u2588\u2588\u2588\u2588\u258e | 85/103 [00:00<00:00, 6607.77it/s, Materializing param=encoder.layer.4.output.dense.weight]\rLoading weights:  83%|\u2588\u2588\u2588\u2588\u2588\u2588\u2588\u2588\u258e | 86/103 [00:00<00:00, 6685.51it/s, Materializing param=encoder.layer.5.attention.output.LayerNorm.bias]\rLoading weights:  83%|\u2588\u2588\u2588\u2588\u2588\u2588\u2588\u2588\u258e | 86/103 [00:00<00:00, 6685.51it/s, Materializing param=encoder.layer.5.attention.output.LayerNorm.bias]\rLoading weights:  84%|\u2588\u2588\u2588\u2588\u2588\u2588\u2588\u2588\u258d | 87/103 [00:00<00:00, 6763.25it/s, Materializing param=encoder.layer.5.attention.output.LayerNorm.weight]\rLoading weights:  84%|\u2588\u2588\u2588\u2588\u2588\u2588\u2588\u2588\u258d | 87/103 [00:00<00:00, 6763.25it/s, Materializing param=encoder.layer.5.attention.output.LayerNorm.weight]\rLoading weights:  85%|\u2588\u2588\u2588\u2588\u2588\u2588\u2588\u2588\u258c | 88/103 [00:00<00:00, 6840.99it/s, Materializing param=encoder.layer.5.attention.output.dense.bias]      \rLoading weights:  85%|\u2588\u2588\u2588\u2588\u2588\u2588\u2588\u2588\u258c | 88/103 [00:00<00:00, 6840.99it/s, Materializing param=encoder.layer.5.attention.output.dense.bias]\rLoading weights:  86%|\u2588\u2588\u2588\u2588\u2588\u2588\u2588\u2588\u258b | 89/103 [00:00<00:00, 6918.73it/s, Materializing param=encoder.layer.5.attention.output.dense.weight]\rLoading weights:  86%|\u2588\u2588\u2588\u2588\u2588\u2588\u2588\u2588\u258b | 89/103 [00:00<00:00, 6918.73it/s, Materializing param=encoder.layer.5.attention.output.dense.weight]\rLoading weights:  87%|\u2588\u2588\u2588\u2588\u2588\u2588\u2588\u2588\u258b | 90/103 [00:00<00:00, 6996.47it/s, Materializing param=encoder.layer.5.attention.self.key.bias]      \rLoading weights:  87%|\u2588\u2588\u2588\u2588\u2588\u2588\u2588\u2588\u258b | 90/103 [00:00<00:00, 6996.47it/s, Materializing param=encoder.layer.5.attention.self.key.bias]\rLoading weights:  88%|\u2588\u2588\u2588\u2588\u2588\u2588\u2588\u2588\u258a | 91/103 [00:00<00:00, 7074.21it/s, Materializing param=encoder.layer.5.attention.self.key.weight]\rLoading weights:  88%|\u2588\u2588\u2588\u2588\u2588\u2588\u2588\u2588\u258a | 91/103 [00:00<00:00, 7074.21it/s, Materializing param=encoder.layer.5.attention.self.key.weight]\rLoading weights:  89%|\u2588\u2588\u2588\u2588\u2588\u2588\u2588\u2588\u2589 | 92/103 [00:00<00:00, 7151.94it/s, Materializing param=encoder.layer.5.attention.self.query.bias]\rLoading weights:  89%|\u2588\u2588\u2588\u2588\u2588\u2588\u2588\u2588\u2589 | 92/103 [00:00<00:00, 7151.94it/s, Materializing param=encoder.layer.5.attention.self.query.bias]\rLoading weights:  90%|\u2588\u2588\u2588\u2588\u2588\u2588\u2588\u2588\u2588 | 93/103 [00:00<00:00, 7229.68it/s, Materializing param=encoder.layer.5.attention.self.query.weight]\rLoading weights:  90%|\u2588\u2588\u2588\u2588\u2588\u2588\u2588\u2588\u2588 | 93/103 [00:00<00:00, 7229.68it/s, Materializing param=encoder.layer.5.attention.self.query.weight]\rLoading weights:  91%|\u2588\u2588\u2588\u2588\u2588\u2588\u2588\u2588\u2588\u258f| 94/103 [00:00<00:00, 7307.42it/s, Materializing param=encoder.layer.5.attention.self.value.bias]  \rLoading weights:  91%|\u2588\u2588\u2588\u2588\u2588\u2588\u2588\u2588\u2588\u258f| 94/103 [00:00<00:00, 7307.42it/s, Materializing param=encoder.layer.5.attention.self.value.bias]\rLoading weights:  92%|\u2588\u2588\u2588\u2588\u2588\u2588\u2588\u2588\u2588\u258f| 95/103 [00:00<00:00, 7385.16it/s, Materializing param=encoder.layer.5.attention.self.value.weight]\rLoading weights:  92%|\u2588\u2588\u2588\u2588\u2588\u2588\u2588\u2588\u2588\u258f| 95/103 [00:00<00:00, 7385.16it/s, Materializing param=encoder.layer.5.attention.self.value.weight]\rLoading weights:  93%|\u2588\u2588\u2588\u2588\u2588\u2588\u2588\u2588\u2588\u258e| 96/103 [00:00<00:00, 7462.90it/s, Materializing param=encoder.layer.5.intermediate.dense.bias]    \rLoading weights:  93%|\u2588\u2588\u2588\u2588\u2588\u2588\u2588\u2588\u2588\u258e| 96/103 [00:00<00:00, 7462.90it/s, Materializing param=encoder.layer.5.intermediate.dense.bias]\rLoading weights:  94%|\u2588\u2588\u2588\u2588\u2588\u2588\u2588\u2588\u2588\u258d| 97/103 [00:00<00:00, 7540.64it/s, Materializing param=encoder.layer.5.intermediate.dense.weight]\rLoading weights:  94%|\u2588\u2588\u2588\u2588\u2588\u2588\u2588\u2588\u2588\u258d| 97/103 [00:00<00:00, 7540.64it/s, Materializing param=encoder.layer.5.intermediate.dense.weight]\rLoading weights:  95%|\u2588\u2588\u2588\u2588\u2588\u2588\u2588\u2588\u2588\u258c| 98/103 [00:00<00:00, 7618.37it/s, Materializing param=encoder.layer.5.output.LayerNorm.bias]    \rLoading weights:  95%|\u2588\u2588\u2588\u2588\u2588\u2588\u2588\u2588\u2588\u258c| 98/103 [00:00<00:00, 7618.37it/s, Materializing param=encoder.layer.5.output.LayerNorm.bias]\rLoading weights:  96%|\u2588\u2588\u2588\u2588\u2588\u2588\u2588\u2588\u2588\u258c| 99/103 [00:00<00:00, 7696.11it/s, Materializing param=encoder.layer.5.output.LayerNorm.weight]\rLoading weights:  96%|\u2588\u2588\u2588\u2588\u2588\u2588\u2588\u2588\u2588\u258c| 99/103 [00:00<00:00, 7696.11it/s, Materializing param=encoder.layer.5.output.LayerNorm.weight]\rLoading weights:  97%|\u2588\u2588\u2588\u2588\u2588\u2588\u2588\u2588\u2588\u258b| 100/103 [00:00<00:00, 7773.85it/s, Materializing param=encoder.layer.5.output.dense.bias]     \rLoading weights:  97%|\u2588\u2588\u2588\u2588\u2588\u2588\u2588\u2588\u2588\u258b| 100/103 [00:00<00:00, 7773.85it/s, Materializing param=encoder.layer.5.output.dense.bias]\rLoading weights:  98%|\u2588\u2588\u2588\u2588\u2588\u2588\u2588\u2588\u2588\u258a| 101/103 [00:00<00:00, 7851.59it/s, Materializing param=encoder.layer.5.output.dense.weight]\rLoading weights:  98%|\u2588\u2588\u2588\u2588\u2588\u2588\u2588\u2588\u2588\u258a| 101/103 [00:00<00:00, 7851.59it/s, Materializing param=encoder.layer.5.output.dense.weight]\rLoading weights:  99%|\u2588\u2588\u2588\u2588\u2588\u2588\u2588\u2588\u2588\u2589| 102/103 [00:00<00:00, 7929.33it/s, Materializing param=pooler.dense.bias]                  \rLoading weights:  99%|\u2588\u2588\u2588\u2588\u2588\u2588\u2588\u2588\u2588\u2589| 102/103 [00:00<00:00, 7929.33it/s, Materializing param=pooler.dense.bias]\rLoading weights: 100%|\u2588\u2588\u2588\u2588\u2588\u2588\u2588\u2588\u2588\u2588| 103/103 [00:00<00:00, 8007.07it/s, Materializing param=pooler.dense.weight]\rLoading weights: 100%|\u2588\u2588\u2588\u2588\u2588\u2588\u2588\u2588\u2588\u2588| 103/103 [00:00<00:00, 8007.07it/s, Materializing param=pooler.dense.weight]\rLoading weights: 100%|\u2588\u2588\u2588\u2588\u2588\u2588\u2588\u2588\u2588\u2588| 103/103 [00:00<00:00, 8007.07it/s, Materializing param=pooler.dense.weight]\n\x1b[1mBertModel LOAD REPORT\x1b[0m from: sentence-transformers/all-MiniLM-L6-v2\nKey                     | Status     |  | \n------------------------+------------+--+-\nembeddings.position_ids | UNEXPECTED |  | \n\n\x1b[3mNotes:\n- UNEXPECTED\x1b[3m\t:can be ignored when loading from different task/architecture; not ok if you expect identical arch.\x1b[0m
---------------------------- Captured stdout call -----------------------------
[RAG] Indexing doc b4f03aed: 2 chunks from 'test.txt'
============================== warnings summary ===============================
tests/test_rag.py::TestMemoryManager::test_session_lifecycle
tests/test_rag.py::TestMemoryManager::test_add_and_get_turns
tests/test_rag.py::TestMemoryManager::test_history_last_n
  C:\Users\karay\OneDrive\Desktop\HACKNOVATION 2.0\backend\tests\..\memory_manager.py:53: DeprecationWarning: datetime.datetime.utcnow() is deprecated and scheduled for removal in a future version. Use timezone-aware objects to represent datetimes in UTC: datetime.datetime.now(datetime.UTC).
    (session_id, student_name, subject, datetime.utcnow().isoformat())

tests/test_rag.py: 12 warnings
  C:\Users\karay\OneDrive\Desktop\HACKNOVATION 2.0\backend\tests\..\memory_manager.py:69: DeprecationWarning: datetime.datetime.utcnow() is deprecated and scheduled for removal in a future version. Use timezone-aware objects to represent datetimes in UTC: datetime.datetime.now(datetime.UTC).
    (session_id, question, answer, turn_type, topic, datetime.utcnow().isoformat())

tests/test_rag.py: 11 warnings
  C:\Users\karay\OneDrive\Desktop\HACKNOVATION 2.0\backend\tests\..\insight_tracker.py:55: DeprecationWarning: datetime.datetime.utcnow() is deprecated and scheduled for removal in a future version. Use timezone-aware objects to represent datetimes in UTC: datetime.datetime.now(datetime.UTC).
    (session_id, question, subject or "General", json.dumps(keywords), datetime.utcnow().isoformat())

tests/test_rag.py::TestInsightTracker::test_confusion_report
tests/test_rag.py::TestInsightTracker::test_confusion_report
  C:\Users\karay\OneDrive\Desktop\HACKNOVATION 2.0\backend\tests\..\insight_tracker.py:62: DeprecationWarning: datetime.datetime.utcnow() is deprecated and scheduled for removal in a future version. Use timezone-aware objects to represent datetimes in UTC: datetime.datetime.now(datetime.UTC).
    (session_id, topic, level, datetime.utcnow().isoformat())

-- Docs: https://docs.pytest.org/en/stable/how-to/capture-warnings.html
=========================== short test summary info ===========================
FAILED tests/test_rag.py::TestRAGEngine::test_chunking_basic - AssertionError...
FAILED tests/test_rag.py::TestRAGEngine::test_add_and_retrieve - assert 0 > 0
================= 2 failed, 15 passed, 28 warnings in 36.10s ==================
